<?xml version="1.0" encoding="UTF-8"?>
<!-- Generated by org.testng.reporters.JUnitXMLReporter -->
<testsuite hostname="IP-C613C014" name="Test" tests="1" failures="1" timestamp="22 Mar 2021 04:12:07 GMT" time="40.197" errors="0">
  <testcase name="processItemPurchase" time="28.269" classname="testscripts.Test_Purchase">
    <failure type="java.lang.AssertionError" message="Element cannot be identified">
      <![CDATA[java.lang.AssertionError: Element cannot be identified
	at commonutils.CommonBusiness.clickOnElement(CommonBusiness.java:168)
	at bizobjects.flipkart.screens.ScrDeliveryAddress.clickOnButton_Link(ScrDeliveryAddress.java:22)
	at bizobjects.flipkart.cases.UCItemPurchase.processItemPurchase(UCItemPurchase.java:79)
	at testscripts.Test_Purchase.processItemPurchase(Test_Purchase.java:40)
... Removed 25 stack frames]]>
    </failure>
  </testcase> <!-- processItemPurchase -->
</testsuite> <!-- Test -->
