<html>
<head>
<title>TestNG:  Test</title>
<link href="../testng.css" rel="stylesheet" type="text/css" />
<link href="../my-testng.css" rel="stylesheet" type="text/css" />

<style type="text/css">
.log { display: none;} 
.stack-trace { display: none;} 
</style>
<script type="text/javascript">
<!--
function flip(e) {
  current = e.style.display;
  if (current == 'block') {
    e.style.display = 'none';
    return 0;
  }
  else {
    e.style.display = 'block';
    return 1;
  }
}

function toggleBox(szDivId, elem, msg1, msg2)
{
  var res = -1;  if (document.getElementById) {
    res = flip(document.getElementById(szDivId));
  }
  else if (document.all) {
    // this is the way old msie versions work
    res = flip(document.all[szDivId]);
  }
  if(elem) {
    if(res == 0) elem.innerHTML = msg1; else elem.innerHTML = msg2;
  }

}

function toggleAllBoxes() {
  if (document.getElementsByTagName) {
    d = document.getElementsByTagName('div');
    for (i = 0; i < d.length; i++) {
      if (d[i].className == 'log') {
        flip(d[i]);
      }
    }
  }
}

// -->
</script>

</head>
<body>
<h2 align='center'>Test</h2><table border='1' align="center">
<tr>
<td>Tests passed/Failed/Skipped:</td><td>0/1/0</td>
</tr><tr>
<td>Started on:</td><td>Mon Mar 22 09:41:27 IST 2021</td>
</tr>
<tr><td>Total time:</td><td>40 seconds (40197 ms)</td>
</tr><tr>
<td>Included groups:</td><td></td>
</tr><tr>
<td>Excluded groups:</td><td></td>
</tr>
</table><p/>
<small><i>(Hover the method name to see the test class name)</i></small><p/>
<table width='100%' border='1' class='invocation-failed'>
<tr><td colspan='4' align='center'><b>FAILED TESTS</b></td></tr>
<tr><td><b>Test method</b></td>
<td width="30%"><b>Exception</b></td>
<td width="10%"><b>Time (seconds)</b></td>
<td><b>Instance</b></td>
</tr>
<tr>
<td title='testscripts.Test_Purchase.processItemPurchase()'><b>processItemPurchase</b><br>Test class: testscripts.Test_Purchase<br/>
<a href="#Output-1208825205" onClick='toggleBox("Output-1208825205", this, "Show output", "Hide output");'>Show output</a>

<a href="#Output-1208825205" onClick="toggleAllBoxes();">Show all outputs</a>
<div class='log' id="Output-1208825205">
Executing method processItemPurchase<br/>
Executing method clickOnElement<br/>
Completing execution of method clickOnElement<br/>
Executing method clickOnElement<br/>
Completing execution of method clickOnElement<br/>
Executing method clickOnElement<br/>
Completing execution of method clickOnElement<br/>
Executing method clickOnElement<br/>
Completing execution of method clickOnElement<br/>
Executing method clickOnElement<br/>
Completing execution of method clickOnElement<br/>
Executing method clickOnElement<br/>
Completing execution of method clickOnElement<br/>
Executing method clickOnElement<br/>
Completing execution of method clickOnElement<br/>
Executing method clickOnElement<br/>
Completing execution of method clickOnElement<br/>
Executing method checkVisibilityOfElement<br/>
Completing execution of method checkVisibilityOfElement<br/>
Executing method clickOnElement<br/>
Completing execution of method clickOnElement<br/>
Executing method fillScreen<br/>
Completing execution of method fillScreen<br/>
Executing method clickOnElement<br/>
Completing execution of method clickOnElement<br/>
Executing method fillScreen<br/>
Completing execution of method fillScreen<br/>
Executing method clickOnElement<br/>
Completing execution of method clickOnElement<br/>
Executing method clickOnElement<br/>
From (clickOnElement) Sorry, Because I received an exception while trying to click on element 'DeliverHere', I cannot continue.<br>The system returned: org.openqa.selenium.NoSuchElementException: no such element: Unable to locate element: {"method":"xpath","selector":"//button[text()='Deliver Here']"}
  (Session info: chrome=89.0.4389.82)
  (Driver info: chromedriver=2.41.578737 (49da6702b16031c40d63e5618de03a32ff6c197e),platform=Windows NT 10.0.14393 x86_64) (WARNING: The server did not provide any stacktrace information)
Command duration or timeout: 0 milliseconds
For documentation on this error, please visit: http://seleniumhq.org/exceptions/no_such_element.html
Build info: version: '3.11.0', revision: 'e59cfb3', time: '2018-03-11T20:33:15.31Z'
System info: host: 'IP-C613C014', ip: '172.31.144.18', os.name: 'Windows Server 2016', os.arch: 'amd64', os.version: '10.0', java.version: '1.8.0_281'
Driver info: org.openqa.selenium.chrome.ChromeDriver
Capabilities {acceptInsecureCerts: true, acceptSslCerts: true, applicationCacheEnabled: false, browserConnectionEnabled: false, browserName: chrome, chrome: {chromedriverVersion: 2.41.578737 (49da6702b16031..., userDataDir: D:\Users\AJujgar\AppData\Lo...}, cssSelectorsEnabled: true, databaseEnabled: false, goog:chromeOptions: {debuggerAddress: localhost:52794}, handlesAlerts: true, hasTouchScreen: false, javascriptEnabled: true, locationContextEnabled: true, mobileEmulationEnabled: false, nativeEvents: true, networkConnectionEnabled: false, pageLoadStrategy: normal, platform: XP, platformName: XP, rotatable: false, setWindowRect: true, takesHeapSnapshot: true, takesScreenshot: true, unexpectedAlertBehaviour: , unhandledPromptBehavior: , version: 89.0.4389.82, webStorageEnabled: true}
Session ID: 765d6f57c6f37fc5db4ba5b8ab57fc9a
*** Element info: {Using=xpath, value=//button[text()='Deliver Here']}<br/>
</div>
</td>
<td><div><pre>java.lang.AssertionError: Element cannot be identified
	at commonutils.CommonBusiness.clickOnElement(CommonBusiness.java:168)
	at bizobjects.flipkart.screens.ScrDeliveryAddress.clickOnButton_Link(ScrDeliveryAddress.java:22)
	at bizobjects.flipkart.cases.UCItemPurchase.processItemPurchase(UCItemPurchase.java:79)
	at testscripts.Test_Purchase.processItemPurchase(Test_Purchase.java:40)
... Removed 25 stack frames</pre></div><a href='#' onClick='toggleBox("stack-trace1208825205", this, "Click to show all stack frames", "Click to hide stack frames")'>Click to show all stack frames</a>
<div class='stack-trace' id='stack-trace1208825205'><pre>java.lang.AssertionError: Element cannot be identified
	at org.testng.Assert.fail(Assert.java:94)
	at commonutils.CommonBusiness.clickOnElement(CommonBusiness.java:168)
	at bizobjects.flipkart.screens.ScrDeliveryAddress.clickOnButton_Link(ScrDeliveryAddress.java:22)
	at bizobjects.flipkart.cases.UCItemPurchase.processItemPurchase(UCItemPurchase.java:79)
	at testscripts.Test_Purchase.processItemPurchase(Test_Purchase.java:40)
	at sun.reflect.NativeMethodAccessorImpl.invoke0(Native Method)
	at sun.reflect.NativeMethodAccessorImpl.invoke(Unknown Source)
	at sun.reflect.DelegatingMethodAccessorImpl.invoke(Unknown Source)
	at java.lang.reflect.Method.invoke(Unknown Source)
	at org.testng.internal.MethodInvocationHelper.invokeMethod(MethodInvocationHelper.java:84)
	at org.testng.internal.Invoker.invokeMethod(Invoker.java:714)
	at org.testng.internal.Invoker.invokeTestMethod(Invoker.java:901)
	at org.testng.internal.Invoker.invokeTestMethods(Invoker.java:1231)
	at org.testng.internal.TestMethodWorker.invokeTestMethods(TestMethodWorker.java:127)
	at org.testng.internal.TestMethodWorker.run(TestMethodWorker.java:111)
	at org.testng.TestRunner.privateRun(TestRunner.java:767)
	at org.testng.TestRunner.run(TestRunner.java:617)
	at org.testng.SuiteRunner.runTest(SuiteRunner.java:334)
	at org.testng.SuiteRunner.runSequentially(SuiteRunner.java:329)
	at org.testng.SuiteRunner.privateRun(SuiteRunner.java:291)
	at org.testng.SuiteRunner.run(SuiteRunner.java:240)
	at org.testng.SuiteRunnerWorker.runSuite(SuiteRunnerWorker.java:52)
	at org.testng.SuiteRunnerWorker.run(SuiteRunnerWorker.java:86)
	at org.testng.TestNG.runSuitesSequentially(TestNG.java:1224)
	at org.testng.TestNG.runSuitesLocally(TestNG.java:1149)
	at org.testng.TestNG.run(TestNG.java:1057)
	at org.testng.remote.AbstractRemoteTestNG.run(AbstractRemoteTestNG.java:114)
	at org.testng.remote.RemoteTestNG.initAndRun(RemoteTestNG.java:251)
	at org.testng.remote.RemoteTestNG.main(RemoteTestNG.java:77)
</pre></div></td>
<td>28</td>
<td>testscripts.Test_Purchase@5056dfcb</td></tr>
</table><p>
</body>
</html>