<!DOCTYPE html PUBLIC "-//W3C//DTD XHTML 1.1//EN" "http://www.w3.org/TR/xhtml11/DTD/xhtml11.dtd">
<html xmlns="http://www.w3.org/1999/xhtml"><head><title>TestNG Report</title><style type="text/css">table {margin-bottom:10px;border-collapse:collapse;empty-cells:show}th,td {border:1px solid #009;padding:.25em .5em}th {vertical-align:bottom}td {vertical-align:top}table a {font-weight:bold}.stripe td {background-color: #E6EBF9}.num {text-align:right}.passedodd td {background-color: #3F3}.passedeven td {background-color: #0A0}.skippedodd td {background-color: #DDD}.skippedeven td {background-color: #CCC}.failedodd td,.attn {background-color: #F33}.failedeven td,.stripe .attn {background-color: #D00}.stacktrace {white-space:pre;font-family:monospace}.totop {font-size:85%;text-align:center;border-bottom:2px solid #000}</style></head><body><table><tr><th>Test</th><th># Passed</th><th># Skipped</th><th># Failed</th><th>Time (ms)</th><th>Included Groups</th><th>Excluded Groups</th></tr><tr><th colspan="7">Suite</th></tr><tr><td><a href="#t0">Test</a></td><td class="num">0</td><td class="num">0</td><td class="num attn">1</td><td class="num">40,197</td><td></td><td></td></tr></table><table><thead><tr><th>Class</th><th>Method</th><th>Start</th><th>Time (ms)</th></tr></thead><tbody><tr><th colspan="4">Suite</th></tr></tbody><tbody id="t0"><tr><th colspan="4">Test &#8212; failed</th></tr><tr class="failedeven"><td rowspan="1">testscripts.Test_Purchase</td><td><a href="#m0">processItemPurchase</a></td><td rowspan="1">1616386299131</td><td rowspan="1">28269</td></tr></tbody></table><h2>Test</h2><h3 id="m0">testscripts.Test_Purchase#processItemPurchase</h3><table class="result"><tr><th>Messages</th></tr><tr><td><div class="messages">Executing method processItemPurchase<br/>Executing method clickOnElement<br/>Completing execution of method clickOnElement<br/>Executing method clickOnElement<br/>Completing execution of method clickOnElement<br/>Executing method clickOnElement<br/>Completing execution of method clickOnElement<br/>Executing method clickOnElement<br/>Completing execution of method clickOnElement<br/>Executing method clickOnElement<br/>Completing execution of method clickOnElement<br/>Executing method clickOnElement<br/>Completing execution of method clickOnElement<br/>Executing method clickOnElement<br/>Completing execution of method clickOnElement<br/>Executing method clickOnElement<br/>Completing execution of method clickOnElement<br/>Executing method checkVisibilityOfElement<br/>Completing execution of method checkVisibilityOfElement<br/>Executing method clickOnElement<br/>Completing execution of method clickOnElement<br/>Executing method fillScreen<br/>Completing execution of method fillScreen<br/>Executing method clickOnElement<br/>Completing execution of method clickOnElement<br/>Executing method fillScreen<br/>Completing execution of method fillScreen<br/>Executing method clickOnElement<br/>Completing execution of method clickOnElement<br/>Executing method clickOnElement<br/>From (clickOnElement) Sorry, Because I received an exception while trying to click on element &apos;DeliverHere&apos;, I cannot continue.&lt;br&gt;The system returned: org.openqa.selenium.NoSuchElementException: no such element: Unable to locate element: {&quot;method&quot;:&quot;xpath&quot;,&quot;selector&quot;:&quot;//button[text()=&apos;Deliver Here&apos;]&quot;}
  (Session info: chrome=89.0.4389.82)
  (Driver info: chromedriver=2.41.578737 (49da6702b16031c40d63e5618de03a32ff6c197e),platform=Windows NT 10.0.14393 x86_64) (WARNING: The server did not provide any stacktrace information)
Command duration or timeout: 0 milliseconds
For documentation on this error, please visit: http://seleniumhq.org/exceptions/no_such_element.html
Build info: version: &apos;3.11.0&apos;, revision: &apos;e59cfb3&apos;, time: &apos;2018-03-11T20:33:15.31Z&apos;
System info: host: &apos;IP-C613C014&apos;, ip: &apos;172.31.144.18&apos;, os.name: &apos;Windows Server 2016&apos;, os.arch: &apos;amd64&apos;, os.version: &apos;10.0&apos;, java.version: &apos;1.8.0_281&apos;
Driver info: org.openqa.selenium.chrome.ChromeDriver
Capabilities {acceptInsecureCerts: true, acceptSslCerts: true, applicationCacheEnabled: false, browserConnectionEnabled: false, browserName: chrome, chrome: {chromedriverVersion: 2.41.578737 (49da6702b16031..., userDataDir: D:\Users\AJujgar\AppData\Lo...}, cssSelectorsEnabled: true, databaseEnabled: false, goog:chromeOptions: {debuggerAddress: localhost:52794}, handlesAlerts: true, hasTouchScreen: false, javascriptEnabled: true, locationContextEnabled: true, mobileEmulationEnabled: false, nativeEvents: true, networkConnectionEnabled: false, pageLoadStrategy: normal, platform: XP, platformName: XP, rotatable: false, setWindowRect: true, takesHeapSnapshot: true, takesScreenshot: true, unexpectedAlertBehaviour: , unhandledPromptBehavior: , version: 89.0.4389.82, webStorageEnabled: true}
Session ID: 765d6f57c6f37fc5db4ba5b8ab57fc9a
*** Element info: {Using=xpath, value=//button[text()=&apos;Deliver Here&apos;]}</div></td></tr><tr><th>Exception</th></tr><tr><td><div class="stacktrace">java.lang.AssertionError: Element cannot be identified
	at commonutils.CommonBusiness.clickOnElement(CommonBusiness.java:168)
	at bizobjects.flipkart.screens.ScrDeliveryAddress.clickOnButton_Link(ScrDeliveryAddress.java:22)
	at bizobjects.flipkart.cases.UCItemPurchase.processItemPurchase(UCItemPurchase.java:79)
	at testscripts.Test_Purchase.processItemPurchase(Test_Purchase.java:40)
... Removed 25 stack frames</div></td></tr></table><p class="totop"><a href="#summary">back to summary</a></p></body></html>