<?xml version="1.0" encoding="UTF-8"?>
<testng-results skipped="0" failed="1" total="1" passed="0">
  <reporter-output>
    <line>
      <![CDATA[Executing method LaunchBrowser]]>
    </line>
    <line>
      <![CDATA[Executing method launchBrowser]]>
    </line>
    <line>
      <![CDATA[Executing method processItemPurchase]]>
    </line>
    <line>
      <![CDATA[Executing method clickOnElement]]>
    </line>
    <line>
      <![CDATA[Completing execution of method clickOnElement]]>
    </line>
    <line>
      <![CDATA[Executing method clickOnElement]]>
    </line>
    <line>
      <![CDATA[Completing execution of method clickOnElement]]>
    </line>
    <line>
      <![CDATA[Executing method clickOnElement]]>
    </line>
    <line>
      <![CDATA[Completing execution of method clickOnElement]]>
    </line>
    <line>
      <![CDATA[Executing method clickOnElement]]>
    </line>
    <line>
      <![CDATA[Completing execution of method clickOnElement]]>
    </line>
    <line>
      <![CDATA[Executing method clickOnElement]]>
    </line>
    <line>
      <![CDATA[Completing execution of method clickOnElement]]>
    </line>
    <line>
      <![CDATA[Executing method clickOnElement]]>
    </line>
    <line>
      <![CDATA[Completing execution of method clickOnElement]]>
    </line>
    <line>
      <![CDATA[Executing method clickOnElement]]>
    </line>
    <line>
      <![CDATA[Completing execution of method clickOnElement]]>
    </line>
    <line>
      <![CDATA[Executing method clickOnElement]]>
    </line>
    <line>
      <![CDATA[Completing execution of method clickOnElement]]>
    </line>
    <line>
      <![CDATA[Executing method checkVisibilityOfElement]]>
    </line>
    <line>
      <![CDATA[Completing execution of method checkVisibilityOfElement]]>
    </line>
    <line>
      <![CDATA[Executing method clickOnElement]]>
    </line>
    <line>
      <![CDATA[Completing execution of method clickOnElement]]>
    </line>
    <line>
      <![CDATA[Executing method fillScreen]]>
    </line>
    <line>
      <![CDATA[Completing execution of method fillScreen]]>
    </line>
    <line>
      <![CDATA[Executing method clickOnElement]]>
    </line>
    <line>
      <![CDATA[Completing execution of method clickOnElement]]>
    </line>
    <line>
      <![CDATA[Executing method fillScreen]]>
    </line>
    <line>
      <![CDATA[Completing execution of method fillScreen]]>
    </line>
    <line>
      <![CDATA[Executing method clickOnElement]]>
    </line>
    <line>
      <![CDATA[Completing execution of method clickOnElement]]>
    </line>
    <line>
      <![CDATA[Executing method clickOnElement]]>
    </line>
    <line>
      <![CDATA[From (clickOnElement) Sorry, Because I received an exception while trying to click on element 'DeliverHere', I cannot continue.<br>The system returned: org.openqa.selenium.NoSuchElementException: no such element: Unable to locate element: {"method":"xpath","selector":"//button[text()='Deliver Here']"}
  (Session info: chrome=89.0.4389.82)
  (Driver info: chromedriver=2.41.578737 (49da6702b16031c40d63e5618de03a32ff6c197e),platform=Windows NT 10.0.14393 x86_64) (WARNING: The server did not provide any stacktrace information)
Command duration or timeout: 0 milliseconds
For documentation on this error, please visit: http://seleniumhq.org/exceptions/no_such_element.html
Build info: version: '3.11.0', revision: 'e59cfb3', time: '2018-03-11T20:33:15.31Z'
System info: host: 'IP-C613C014', ip: '172.31.144.18', os.name: 'Windows Server 2016', os.arch: 'amd64', os.version: '10.0', java.version: '1.8.0_281'
Driver info: org.openqa.selenium.chrome.ChromeDriver
Capabilities {acceptInsecureCerts: true, acceptSslCerts: true, applicationCacheEnabled: false, browserConnectionEnabled: false, browserName: chrome, chrome: {chromedriverVersion: 2.41.578737 (49da6702b16031..., userDataDir: D:\Users\AJujgar\AppData\Lo...}, cssSelectorsEnabled: true, databaseEnabled: false, goog:chromeOptions: {debuggerAddress: localhost:52794}, handlesAlerts: true, hasTouchScreen: false, javascriptEnabled: true, locationContextEnabled: true, mobileEmulationEnabled: false, nativeEvents: true, networkConnectionEnabled: false, pageLoadStrategy: normal, platform: XP, platformName: XP, rotatable: false, setWindowRect: true, takesHeapSnapshot: true, takesScreenshot: true, unexpectedAlertBehaviour: , unhandledPromptBehavior: , version: 89.0.4389.82, webStorageEnabled: true}
Session ID: 765d6f57c6f37fc5db4ba5b8ab57fc9a
*** Element info: {Using=xpath, value=//button[text()='Deliver Here']}]]>
    </line>
    <line>
      <![CDATA[Executing method closeBrowser]]>
    </line>
  </reporter-output>
  <suite name="Suite" duration-ms="40197" started-at="2021-03-22T04:11:27Z" finished-at="2021-03-22T04:12:07Z">
    <groups>
    </groups>
    <test name="Test" duration-ms="40197" started-at="2021-03-22T04:11:27Z" finished-at="2021-03-22T04:12:07Z">
      <class name="testscripts.Test_Purchase">
        <test-method status="PASS" signature="LaunchBrowser(java.lang.String)[pri:0, instance:testscripts.Test_Purchase@5056dfcb]" name="LaunchBrowser" is-config="true" duration-ms="11902" started-at="2021-03-22T09:41:27Z" finished-at="2021-03-22T09:41:39Z">
          <params>
            <param index="0">
              <value>
                <![CDATA[CHROME]]>
              </value>
            </param>
          </params>
          <reporter-output>
            <line>
              <![CDATA[Executing method LaunchBrowser]]>
            </line>
            <line>
              <![CDATA[Executing method launchBrowser]]>
            </line>
          </reporter-output>
        </test-method> <!-- LaunchBrowser -->
        <test-method status="FAIL" signature="processItemPurchase()[pri:0, instance:testscripts.Test_Purchase@5056dfcb]" name="processItemPurchase" duration-ms="28269" started-at="2021-03-22T09:41:39Z" finished-at="2021-03-22T09:42:07Z">
          <exception class="java.lang.AssertionError">
            <message>
              <![CDATA[Element cannot be identified]]>
            </message>
            <full-stacktrace>
              <![CDATA[java.lang.AssertionError: Element cannot be identified
	at org.testng.Assert.fail(Assert.java:94)
	at commonutils.CommonBusiness.clickOnElement(CommonBusiness.java:168)
	at bizobjects.flipkart.screens.ScrDeliveryAddress.clickOnButton_Link(ScrDeliveryAddress.java:22)
	at bizobjects.flipkart.cases.UCItemPurchase.processItemPurchase(UCItemPurchase.java:79)
	at testscripts.Test_Purchase.processItemPurchase(Test_Purchase.java:40)
	at sun.reflect.NativeMethodAccessorImpl.invoke0(Native Method)
	at sun.reflect.NativeMethodAccessorImpl.invoke(Unknown Source)
	at sun.reflect.DelegatingMethodAccessorImpl.invoke(Unknown Source)
	at java.lang.reflect.Method.invoke(Unknown Source)
	at org.testng.internal.MethodInvocationHelper.invokeMethod(MethodInvocationHelper.java:84)
	at org.testng.internal.Invoker.invokeMethod(Invoker.java:714)
	at org.testng.internal.Invoker.invokeTestMethod(Invoker.java:901)
	at org.testng.internal.Invoker.invokeTestMethods(Invoker.java:1231)
	at org.testng.internal.TestMethodWorker.invokeTestMethods(TestMethodWorker.java:127)
	at org.testng.internal.TestMethodWorker.run(TestMethodWorker.java:111)
	at org.testng.TestRunner.privateRun(TestRunner.java:767)
	at org.testng.TestRunner.run(TestRunner.java:617)
	at org.testng.SuiteRunner.runTest(SuiteRunner.java:334)
	at org.testng.SuiteRunner.runSequentially(SuiteRunner.java:329)
	at org.testng.SuiteRunner.privateRun(SuiteRunner.java:291)
	at org.testng.SuiteRunner.run(SuiteRunner.java:240)
	at org.testng.SuiteRunnerWorker.runSuite(SuiteRunnerWorker.java:52)
	at org.testng.SuiteRunnerWorker.run(SuiteRunnerWorker.java:86)
	at org.testng.TestNG.runSuitesSequentially(TestNG.java:1224)
	at org.testng.TestNG.runSuitesLocally(TestNG.java:1149)
	at org.testng.TestNG.run(TestNG.java:1057)
	at org.testng.remote.AbstractRemoteTestNG.run(AbstractRemoteTestNG.java:114)
	at org.testng.remote.RemoteTestNG.initAndRun(RemoteTestNG.java:251)
	at org.testng.remote.RemoteTestNG.main(RemoteTestNG.java:77)
]]>
            </full-stacktrace>
          </exception> <!-- java.lang.AssertionError -->
          <reporter-output>
            <line>
              <![CDATA[Executing method processItemPurchase]]>
            </line>
            <line>
              <![CDATA[Executing method clickOnElement]]>
            </line>
            <line>
              <![CDATA[Completing execution of method clickOnElement]]>
            </line>
            <line>
              <![CDATA[Executing method clickOnElement]]>
            </line>
            <line>
              <![CDATA[Completing execution of method clickOnElement]]>
            </line>
            <line>
              <![CDATA[Executing method clickOnElement]]>
            </line>
            <line>
              <![CDATA[Completing execution of method clickOnElement]]>
            </line>
            <line>
              <![CDATA[Executing method clickOnElement]]>
            </line>
            <line>
              <![CDATA[Completing execution of method clickOnElement]]>
            </line>
            <line>
              <![CDATA[Executing method clickOnElement]]>
            </line>
            <line>
              <![CDATA[Completing execution of method clickOnElement]]>
            </line>
            <line>
              <![CDATA[Executing method clickOnElement]]>
            </line>
            <line>
              <![CDATA[Completing execution of method clickOnElement]]>
            </line>
            <line>
              <![CDATA[Executing method clickOnElement]]>
            </line>
            <line>
              <![CDATA[Completing execution of method clickOnElement]]>
            </line>
            <line>
              <![CDATA[Executing method clickOnElement]]>
            </line>
            <line>
              <![CDATA[Completing execution of method clickOnElement]]>
            </line>
            <line>
              <![CDATA[Executing method checkVisibilityOfElement]]>
            </line>
            <line>
              <![CDATA[Completing execution of method checkVisibilityOfElement]]>
            </line>
            <line>
              <![CDATA[Executing method clickOnElement]]>
            </line>
            <line>
              <![CDATA[Completing execution of method clickOnElement]]>
            </line>
            <line>
              <![CDATA[Executing method fillScreen]]>
            </line>
            <line>
              <![CDATA[Completing execution of method fillScreen]]>
            </line>
            <line>
              <![CDATA[Executing method clickOnElement]]>
            </line>
            <line>
              <![CDATA[Completing execution of method clickOnElement]]>
            </line>
            <line>
              <![CDATA[Executing method fillScreen]]>
            </line>
            <line>
              <![CDATA[Completing execution of method fillScreen]]>
            </line>
            <line>
              <![CDATA[Executing method clickOnElement]]>
            </line>
            <line>
              <![CDATA[Completing execution of method clickOnElement]]>
            </line>
            <line>
              <![CDATA[Executing method clickOnElement]]>
            </line>
            <line>
              <![CDATA[From (clickOnElement) Sorry, Because I received an exception while trying to click on element 'DeliverHere', I cannot continue.<br>The system returned: org.openqa.selenium.NoSuchElementException: no such element: Unable to locate element: {"method":"xpath","selector":"//button[text()='Deliver Here']"}
  (Session info: chrome=89.0.4389.82)
  (Driver info: chromedriver=2.41.578737 (49da6702b16031c40d63e5618de03a32ff6c197e),platform=Windows NT 10.0.14393 x86_64) (WARNING: The server did not provide any stacktrace information)
Command duration or timeout: 0 milliseconds
For documentation on this error, please visit: http://seleniumhq.org/exceptions/no_such_element.html
Build info: version: '3.11.0', revision: 'e59cfb3', time: '2018-03-11T20:33:15.31Z'
System info: host: 'IP-C613C014', ip: '172.31.144.18', os.name: 'Windows Server 2016', os.arch: 'amd64', os.version: '10.0', java.version: '1.8.0_281'
Driver info: org.openqa.selenium.chrome.ChromeDriver
Capabilities {acceptInsecureCerts: true, acceptSslCerts: true, applicationCacheEnabled: false, browserConnectionEnabled: false, browserName: chrome, chrome: {chromedriverVersion: 2.41.578737 (49da6702b16031..., userDataDir: D:\Users\AJujgar\AppData\Lo...}, cssSelectorsEnabled: true, databaseEnabled: false, goog:chromeOptions: {debuggerAddress: localhost:52794}, handlesAlerts: true, hasTouchScreen: false, javascriptEnabled: true, locationContextEnabled: true, mobileEmulationEnabled: false, nativeEvents: true, networkConnectionEnabled: false, pageLoadStrategy: normal, platform: XP, platformName: XP, rotatable: false, setWindowRect: true, takesHeapSnapshot: true, takesScreenshot: true, unexpectedAlertBehaviour: , unhandledPromptBehavior: , version: 89.0.4389.82, webStorageEnabled: true}
Session ID: 765d6f57c6f37fc5db4ba5b8ab57fc9a
*** Element info: {Using=xpath, value=//button[text()='Deliver Here']}]]>
            </line>
          </reporter-output>
        </test-method> <!-- processItemPurchase -->
        <test-method status="PASS" signature="closeBrowser()[pri:0, instance:testscripts.Test_Purchase@5056dfcb]" name="closeBrowser" is-config="true" duration-ms="0" started-at="2021-03-22T09:42:07Z" finished-at="2021-03-22T09:42:07Z">
          <reporter-output>
            <line>
              <![CDATA[Executing method closeBrowser]]>
            </line>
          </reporter-output>
        </test-method> <!-- closeBrowser -->
      </class> <!-- testscripts.Test_Purchase -->
    </test> <!-- Test -->
  </suite> <!-- Suite -->
</testng-results>
